
  [32m[1mVITE[22m v6.4.3[39m  [2mready in [0m[1m9364[22m[2m[0m ms[22m

  [32m➜[39m  [1mLocal[22m:   [36mhttp://127.0.0.1:[1m5173[22m/[39m
[2m3:21:02 pm[22m [36m[1m[vite][22m[39m [90m[2m(client)[22m[39m [32mhmr update [39m[2m/@fs/G:/My Drive/H&L/Ideal Trades/Helper/StrategyMaster/StrategyMasterPage.tsx, /@fs/G:/My Drive/H&L/Ideal Trades/Strategies/EMA-Intraday/TradeDashboard/TradeDashboardPage.tsx, /@fs/G:/My Drive/H&L/Ideal Trades/Strategies/EMA-Intraday/Masters/MastersPage.tsx[22m
[2m3:21:38 pm[22m [36m[1m[vite][22m[39m [90m[2m(client)[22m[39m [32mhmr update [39m[2m/@fs/G:/My Drive/H&L/Ideal Trades/Helper/StrategyMaster/StrategyMasterPage.tsx[22m
[2m3:22:06 pm[22m [36m[1m[vite][22m[39m [90m[2m(client)[22m[39m [32mhmr update [39m[2m/@fs/G:/My Drive/H&L/Ideal Trades/Helper/StrategyMaster/StrategyMasterPage.tsx[22m
[2m3:22:21 pm[22m [36m[1m[vite][22m[39m [90m[2m(client)[22m[39m [32mhmr update [39m[2m/@fs/G:/My Drive/H&L/Ideal Trades/Helper/StrategyMaster/StrategyMasterPage.tsx[22m
[2m3:23:35 pm[22m [36m[1m[vite][22m[39m [90m[2m(client)[22m[39m [32mhmr update [39m[2m/@fs/G:/My Drive/H&L/Ideal Trades/Strategies/EMA-Intraday/TradeDashboard/TradeDashboardPage.tsx, /@fs/G:/My Drive/H&L/Ideal Trades/Strategies/EMA-Intraday/Masters/MastersPage.tsx[22m
[2m3:24:56 pm[22m [36m[1m[vite][22m[39m [90m[2m(client)[22m[39m [32mhmr update [39m[2m/@fs/G:/My Drive/H&L/Ideal Trades/Strategies/EMA-Intraday/TradeDashboard/TradeDashboardPage.tsx, /@fs/G:/My Drive/H&L/Ideal Trades/Strategies/EMA-Intraday/Masters/MastersPage.tsx[22m
[2m3:25:10 pm[22m [36m[1m[vite][22m[39m [90m[2m(client)[22m[39m [32mhmr update [39m[2m/@fs/G:/My Drive/H&L/Ideal Trades/Strategies/EMA-Intraday/TradeDashboard/TradeDashboardPage.tsx, /@fs/G:/My Drive/H&L/Ideal Trades/Strategies/EMA-Intraday/Masters/MastersPage.tsx[22m
[2m3:26:17 pm[22m [36m[1m[vite][22m[39m [90m[2m(client)[22m[39m [32mhmr update [39m[2m/@fs/G:/My Drive/H&L/Ideal Trades/Helper/StrategyMaster/StrategyMasterPage.tsx[22m
[2m3:26:28 pm[22m [36m[1m[vite][22m[39m [90m[2m(client)[22m[39m [32mhmr update [39m[2m/@fs/G:/My Drive/H&L/Ideal Trades/Helper/StrategyMaster/StrategyMasterPage.tsx[22m
[2m3:26:44 pm[22m [36m[1m[vite][22m[39m [90m[2m(client)[22m[39m [32mhmr update [39m[2m/@fs/G:/My Drive/H&L/Ideal Trades/Strategies/EMA-Intraday/TradeDashboard/TradeDashboardPage.tsx, /@fs/G:/My Drive/H&L/Ideal Trades/Strategies/EMA-Intraday/Masters/MastersPage.tsx[22m
[2m3:26:51 pm[22m [36m[1m[vite][22m[39m [90m[2m(client)[22m[39m [32mhmr update [39m[2m/@fs/G:/My Drive/H&L/Ideal Trades/Strategies/EMA-Intraday/TradeDashboard/TradeDashboardPage.tsx, /@fs/G:/My Drive/H&L/Ideal Trades/Strategies/EMA-Intraday/Masters/MastersPage.tsx[22m
[2m3:27:04 pm[22m [36m[1m[vite][22m[39m [90m[2m(client)[22m[39m [32mhmr update [39m[2m/@fs/G:/My Drive/H&L/Ideal Trades/Strategies/EMA-Intraday/TradeDashboard/TradeDashboardPage.tsx, /@fs/G:/My Drive/H&L/Ideal Trades/Strategies/EMA-Intraday/Masters/MastersPage.tsx[22m
[2m3:27:12 pm[22m [36m[1m[vite][22m[39m [90m[2m(client)[22m[39m [32mhmr update [39m[2m/@fs/G:/My Drive/H&L/Ideal Trades/Strategies/EMA-Intraday/TradeDashboard/TradeDashboardPage.tsx, /@fs/G:/My Drive/H&L/Ideal Trades/Strategies/EMA-Intraday/Masters/MastersPage.tsx[22m
[2m3:28:46 pm[22m [36m[1m[vite][22m[39m [90m[2m(client)[22m[39m [32mhmr update [39m[2m/@fs/G:/My Drive/H&L/Ideal Trades/Strategies/EMA-Intraday/TradeDashboard/TradeDashboardPage.tsx, /@fs/G:/My Drive/H&L/Ideal Trades/Strategies/EMA-Intraday/Masters/MastersPage.tsx[22m
[2m3:28:55 pm[22m [36m[1m[vite][22m[39m [90m[2m(client)[22m[39m [32mhmr update [39m[2m/@fs/G:/My Drive/H&L/Ideal Trades/Strategies/EMA-Intraday/TradeDashboard/TradeDashboardPage.tsx, /@fs/G:/My Drive/H&L/Ideal Trades/Strategies/EMA-Intraday/Masters/MastersPage.tsx[22m
[2m3:29:30 pm[22m [36m[1m[vite][22m[39m [90m[2m(client)[22m[39m [32mhmr update [39m[2m/@fs/G:/My Drive/H&L/Ideal Trades/Strategies/EMA-Intraday/TradeDashboard/TradeDashboardPage.tsx, /@fs/G:/My Drive/H&L/Ideal Trades/Strategies/EMA-Intraday/Masters/MastersPage.tsx[22m
[2m3:29:42 pm[22m [36m[1m[vite][22m[39m [90m[2m(client)[22m[39m [32mhmr update [39m[2m/@fs/G:/My Drive/H&L/Ideal Trades/Strategies/EMA-Intraday/TradeDashboard/TradeDashboardPage.tsx, /@fs/G:/My Drive/H&L/Ideal Trades/Strategies/EMA-Intraday/Masters/MastersPage.tsx[22m
[2m3:30:51 pm[22m [36m[1m[vite][22m[39m [90m[2m(client)[22m[39m [32mhmr update [39m[2m/@fs/G:/My Drive/H&L/Ideal Trades/Helper/StrategyMaster/StrategyMasterPage.tsx[22m
[2m3:30:59 pm[22m [36m[1m[vite][22m[39m [90m[2m(client)[22m[39m [32mhmr update [39m[2m/@fs/G:/My Drive/H&L/Ideal Trades/Helper/StrategyMaster/StrategyMasterPage.tsx[22m
[2m3:31:27 pm[22m [36m[1m[vite][22m[39m [90m[2m(client)[22m[39m [32mhmr update [39m[2m/@fs/G:/My Drive/H&L/Ideal Trades/Strategies/EMA-Intraday/TradeDashboard/TradeDashboardPage.tsx, /@fs/G:/My Drive/H&L/Ideal Trades/Strategies/EMA-Intraday/Masters/MastersPage.tsx[22m
[2m3:31:39 pm[22m [36m[1m[vite][22m[39m [90m[2m(client)[22m[39m [32mhmr update [39m[2m/@fs/G:/My Drive/H&L/Ideal Trades/Strategies/EMA-Intraday/TradeDashboard/TradeDashboardPage.tsx, /@fs/G:/My Drive/H&L/Ideal Trades/Strategies/EMA-Intraday/Masters/MastersPage.tsx[22m
[2m3:32:19 pm[22m [36m[1m[vite][22m[39m [90m[2m(client)[22m[39m [32mhmr update [39m[2m/@fs/G:/My Drive/H&L/Ideal Trades/Strategies/EMA-Intraday/TradeDashboard/TradeDashboardPage.tsx, /@fs/G:/My Drive/H&L/Ideal Trades/Strategies/EMA-Intraday/Masters/MastersPage.tsx[22m
[2m3:32:32 pm[22m [36m[1m[vite][22m[39m [90m[2m(client)[22m[39m [32mhmr update [39m[2m/@fs/G:/My Drive/H&L/Ideal Trades/Strategies/EMA-Intraday/TradeDashboard/TradeDashboardPage.tsx, /@fs/G:/My Drive/H&L/Ideal Trades/Strategies/EMA-Intraday/Masters/MastersPage.tsx[22m
[2m3:56:47 pm[22m [36m[1m[vite][22m[39m [32m.env.local changed, restarting server...[39m
[2m3:56:49 pm[22m [36m[1m[vite][22m[39m server restarted.
